Determining if the pthread_create exist failed with the following output:
Change Dir: /home/shawn/1_catkin_files/ipal_files/22_moveit_example_3/build/CMakeFiles/CMakeTmp

Run Build Command:/usr/bin/make "cmTryCompileExec1703202771/fast"
/usr/bin/make -f CMakeFiles/cmTryCompileExec1703202771.dir/build.make CMakeFiles/cmTryCompileExec1703202771.dir/build
make[1]: Entering directory `/home/shawn/1_catkin_files/ipal_files/22_moveit_example_3/build/CMakeFiles/CMakeTmp'
/usr/bin/cmake -E cmake_progress_report /home/shawn/1_catkin_files/ipal_files/22_moveit_example_3/build/CMakeFiles/CMakeTmp/CMakeFiles 1
Building C object CMakeFiles/cmTryCompileExec1703202771.dir/CheckSymbolExists.c.o
/usr/bin/cc    -o CMakeFiles/cmTryCompileExec1703202771.dir/CheckSymbolExists.c.o   -c /home/shawn/1_catkin_files/ipal_files/22_moveit_example_3/build/CMakeFiles/CMakeTmp/CheckSymbolExists.c
Linking C executable cmTryCompileExec1703202771
/usr/bin/cmake -E cmake_link_script CMakeFiles/cmTryCompileExec1703202771.dir/link.txt --verbose=1
/usr/bin/cc       CMakeFiles/cmTryCompileExec1703202771.dir/CheckSymbolExists.c.o  -o cmTryCompileExec1703202771 -rdynamic 
CMakeFiles/cmTryCompileExec1703202771.dir/CheckSymbolExists.c.o: In function `main':
CheckSymbolExists.c:(.text+0x16): undefined reference to `pthread_create'
collect2: error: ld returned 1 exit status
make[1]: Leaving directory `/home/shawn/1_catkin_files/ipal_files/22_moveit_example_3/build/CMakeFiles/CMakeTmp'
make[1]: *** [cmTryCompileExec1703202771] Error 1
make: *** [cmTryCompileExec1703202771/fast] Error 2

File /home/shawn/1_catkin_files/ipal_files/22_moveit_example_3/build/CMakeFiles/CMakeTmp/CheckSymbolExists.c:
/* */
#include <pthread.h>

int main(int argc, char** argv)
{
  (void)argv;
#ifndef pthread_create
  return ((int*)(&pthread_create))[argc];
#else
  (void)argc;
  return 0;
#endif
}

Determining if the function pthread_create exists in the pthreads failed with the following output:
Change Dir: /home/shawn/1_catkin_files/ipal_files/22_moveit_example_3/build/CMakeFiles/CMakeTmp

Run Build Command:/usr/bin/make "cmTryCompileExec2323219263/fast"
/usr/bin/make -f CMakeFiles/cmTryCompileExec2323219263.dir/build.make CMakeFiles/cmTryCompileExec2323219263.dir/build
make[1]: Entering directory `/home/shawn/1_catkin_files/ipal_files/22_moveit_example_3/build/CMakeFiles/CMakeTmp'
/usr/bin/cmake -E cmake_progress_report /home/shawn/1_catkin_files/ipal_files/22_moveit_example_3/build/CMakeFiles/CMakeTmp/CMakeFiles 1
Building C object CMakeFiles/cmTryCompileExec2323219263.dir/CheckFunctionExists.c.o
/usr/bin/cc   -DCHECK_FUNCTION_EXISTS=pthread_create   -o CMakeFiles/cmTryCompileExec2323219263.dir/CheckFunctionExists.c.o   -c /usr/share/cmake-2.8/Modules/CheckFunctionExists.c
Linking C executable cmTryCompileExec2323219263
/usr/bin/cmake -E cmake_link_script CMakeFiles/cmTryCompileExec2323219263.dir/link.txt --verbose=1
/usr/bin/cc   -DCHECK_FUNCTION_EXISTS=pthread_create    CMakeFiles/cmTryCompileExec2323219263.dir/CheckFunctionExists.c.o  -o cmTryCompileExec2323219263 -rdynamic -lpthreads 
/usr/bin/ld: cannot find -lpthreads
collect2: error: ld returned 1 exit status
make[1]: Leaving directory `/home/shawn/1_catkin_files/ipal_files/22_moveit_example_3/build/CMakeFiles/CMakeTmp'
make[1]: *** [cmTryCompileExec2323219263] Error 1
make: *** [cmTryCompileExec2323219263/fast] Error 2


